e:\git\testproj\raytracing\x64\debug\vc142.pdb
e:\git\testproj\raytracing\x64\debug\vc142.idb
g:\raytracing\x64\debug\vc142.pdb
g:\raytracing\x64\debug\vc142.idb
g:\raytracing\x64\debug\graph.obj
g:\raytracing\x64\debug\geometry.obj
g:\raytracing\x64\debug\fft.obj
g:\raytracing\x64\debug\expression.obj
g:\raytracing\x64\debug\equation.obj
g:\raytracing\x64\debug\cylinder.obj
g:\raytracing\x64\debug\capsule.obj
g:\raytracing\x64\debug\brush.obj
g:\raytracing\x64\debug\box.obj
g:\raytracing\x64\debug\bipartitegraph.obj
g:\raytracing\x64\debug\algorithm.obj
g:\raytracing\x64\debug\main.obj
g:\raytracing\x64\debug\material.obj
g:\raytracing\x64\debug\hitrecord.obj
g:\raytracing\x64\debug\hitablesystem.obj
g:\raytracing\x64\debug\hitablelist.obj
g:\raytracing\x64\debug\hitable.obj
g:\raytracing\x64\debug\gpuraytracing.obj
g:\raytracing\x64\debug\camera.obj
g:\raytracing\x64\debug\bvh.obj
g:\raytracing\x64\debug\vector3d.obj
g:\raytracing\x64\debug\vector2d.obj
g:\raytracing\x64\debug\vector.obj
g:\raytracing\x64\debug\triangle.obj
g:\raytracing\x64\debug\transform3d.obj
g:\raytracing\x64\debug\sphere_ray.obj
g:\raytracing\x64\debug\sphere.obj
g:\raytracing\x64\debug\segment3d.obj
g:\raytracing\x64\debug\rotator.obj
g:\raytracing\x64\debug\ray.obj
g:\raytracing\x64\debug\random.obj
g:\raytracing\x64\debug\quaternion.obj
g:\raytracing\x64\debug\polynomial3d.obj
g:\raytracing\x64\debug\polynomial.obj
g:\raytracing\x64\debug\pluecker.obj
g:\raytracing\x64\debug\plane.obj
g:\raytracing\x64\debug\matrixn.obj
g:\raytracing\x64\debug\matrix4x4.obj
g:\raytracing\x64\debug\matrix3x3.obj
g:\raytracing\x64\debug\line.obj
g:\raytracing\x64\debug\texture.obj
g:\raytracing\x64\debug\surfacebuilder.obj
g:\raytracing\x64\debug\sphereobj.obj
g:\raytracing\x64\debug\scenebuilder.obj
g:\raytracing\x64\debug\raytracing.obj
g:\raytracing\x64\debug\vector4d.obj
g:\raytracing\x64\debug\3x_add_1.obj
g:\raytracing\x64\debug\raytracing.exe
g:\raytracing\x64\debug\raytracing.ilk
g:\raytracing\x64\debug\raytracing.pdb
g:\raytracing\x64\debug\cuda_runtime.exp
g:\raytracing\x64\debug\cuda_runtime.pdb
g:\raytracing\x64\debug\raytracing.tlog\cl.command.1.tlog
g:\raytracing\x64\debug\raytracing.tlog\cl.read.1.tlog
g:\raytracing\x64\debug\raytracing.tlog\cl.write.1.tlog
g:\raytracing\x64\debug\raytracing.tlog\link.command.1.tlog
g:\raytracing\x64\debug\raytracing.tlog\link.read.1.tlog
g:\raytracing\x64\debug\raytracing.tlog\link.write.1.tlog
