G:\RayTracing\3x_add_1.h(92,1): warning C4267: “初始化”: 从“size_t”转换到“int”，可能丢失数据
G:\RayTracing\3x_add_1.h(194,1): warning C4267: “初始化”: 从“size_t”转换到“int”，可能丢失数据
G:\RayTracing\3x_add_1.cpp(11,36): warning C4267: “初始化”: 从“size_t”转换到“int”，可能丢失数据
G:\RayTracing\3x_add_1.cpp(77,39): warning C4267: “+=”: 从“size_t”转换到“int”，可能丢失数据
G:\RayTracing\Math\MathUtils.h(141,18): warning C4244: “参数”: 从“double”转换到“float”，可能丢失数据
G:\RayTracing\Math\MathUtils.h(142,16): warning C4244: “=”: 从“double”转换到“float”，可能丢失数据
G:\RayTracing\Math\MathUtils.h(148,39): warning C4244: “参数”: 从“double”转换到“float”，可能丢失数据
G:\RayTracing\Math\MathUtils.h(150,16): warning C4244: “=”: 从“double”转换到“float”，可能丢失数据
G:\RayTracing\Math\MathUtils.h(156,39): warning C4244: “参数”: 从“double”转换到“float”，可能丢失数据
G:\RayTracing\Math\MathUtils.h(159,16): warning C4244: “=”: 从“double”转换到“float”，可能丢失数据
G:\RayTracing\Math\MathUtils.h(163,39): warning C4244: “参数”: 从“double”转换到“float”，可能丢失数据
G:\RayTracing\Math\MathUtils.h(167,16): warning C4244: “=”: 从“double”转换到“float”，可能丢失数据
G:\RayTracing\Math\Random.h(40,33): warning C4244: “return”: 从“double”转换到“float”，可能丢失数据
G:\RayTracing\Math\Random.h(114,32): warning C4244: “=”: 从“int”转换到“_T”，可能丢失数据
G:\RayTracing\Math\Random.h(115,32): warning C4244: “=”: 从“int”转换到“_T”，可能丢失数据
G:\RayTracing\Math\Random.h(116,32): warning C4244: “=”: 从“int”转换到“_T”，可能丢失数据
G:\RayTracing\texture.h(99,19): warning C4244: “初始化”: 从“float”转换到“int”，可能丢失数据
G:\RayTracing\texture.h(100,19): warning C4244: “初始化”: 从“float”转换到“int”，可能丢失数据
G:\RayTracing\texture.h(101,19): warning C4244: “初始化”: 从“float”转换到“int”，可能丢失数据
G:\RayTracing\Material.h(102,34): warning C4244: “=”: 从“double”转换到“float”，可能丢失数据
G:\RayTracing\3x_add_1.h(92,1): warning C4267: “初始化”: 从“size_t”转换到“int”，可能丢失数据
G:\RayTracing\3x_add_1.h(194,1): warning C4267: “初始化”: 从“size_t”转换到“int”，可能丢失数据
G:\RayTracing\MAIN.cpp(27,81): warning C4305: “参数”: 从“double”到“_T”截断
G:\RayTracing\MAIN.cpp(28,23): warning C4305: “参数”: 从“double”到“_T”截断
G:\RayTracing\MAIN.cpp(36,52): warning C4244: “参数”: 从“double”转换到“_T”，可能丢失数据
G:\RayTracing\MAIN.cpp(36,68): warning C4305: “参数”: 从“double”到“_T”截断
G:\RayTracing\MAIN.cpp(36,27): warning C4244: “参数”: 从“double”转换到“_T”，可能丢失数据
G:\RayTracing\MAIN.cpp(37,16): warning C4305: “参数”: 从“double”到“_T”截断
G:\RayTracing\MAIN.cpp(39,166): warning C4305: “参数”: 从“double”到“float”截断
G:\RayTracing\MAIN.cpp(43,144): warning C4244: “参数”: 从“double”转换到“float”，可能丢失数据
G:\RayTracing\MAIN.cpp(43,121): warning C4244: “参数”: 从“double”转换到“_T”，可能丢失数据
G:\RayTracing\MAIN.cpp(43,99): warning C4244: “参数”: 从“double”转换到“_T”，可能丢失数据
G:\RayTracing\MAIN.cpp(43,77): warning C4244: “参数”: 从“double”转换到“_T”，可能丢失数据
G:\RayTracing\MAIN.cpp(43,156): warning C4305: “参数”: 从“double”到“float”截断
G:\RayTracing\MAIN.cpp(46,81): warning C4305: “参数”: 从“double”到“float”截断
G:\RayTracing\MAIN.cpp(52,100): warning C4305: “参数”: 从“double”到“_T”截断
G:\RayTracing\MAIN.cpp(53,78): warning C4305: “参数”: 从“double”到“_T”截断
G:\RayTracing\MAIN.cpp(60,14): warning C4101: “tmp”: 未引用的局部变量
G:\RayTracing\MAIN.cpp(71,81): warning C4305: “参数”: 从“double”到“_T”截断
G:\RayTracing\MAIN.cpp(72,46): warning C4305: “参数”: 从“double”到“_T”截断
G:\RayTracing\MAIN.cpp(75,107): warning C4305: “参数”: 从“double”到“_T”截断
G:\RayTracing\MAIN.cpp(93,76): warning C4305: “参数”: 从“double”到“_T”截断
G:\RayTracing\MAIN.cpp(94,78): warning C4305: “参数”: 从“double”到“_T”截断
G:\RayTracing\MAIN.cpp(95,79): warning C4305: “参数”: 从“double”到“_T”截断
G:\RayTracing\MAIN.cpp(197,18): warning C4305: “初始化”: 从“double”到“float”截断
G:\RayTracing\MAIN.cpp(214,38): warning C4305: “参数”: 从“double”到“_T”截断
G:\RayTracing\MAIN.cpp(215,36): warning C4305: “参数”: 从“double”到“_T”截断
G:\RayTracing\MAIN.cpp(216,40): warning C4305: “参数”: 从“double”到“_T”截断
G:\RayTracing\MAIN.cpp(253,56): warning C4305: “参数”: 从“double”到“float”截断
G:\RayTracing\MAIN.cpp(263,29): warning C4267: “=”: 从“size_t”转换到“unsigned int”，可能丢失数据
G:\RayTracing\MAIN.cpp(280,16): warning C4244: “初始化”: 从“double”转换到“float”，可能丢失数据
G:\RayTracing\MAIN.cpp(281,16): warning C4244: “初始化”: 从“double”转换到“float”，可能丢失数据
G:\RayTracing\MAIN.cpp(354,13): warning C4244: “初始化”: 从“double”转换到“float”，可能丢失数据
G:\RayTracing\MAIN.cpp(372,123): warning C4305: “参数”: 从“double”到“_T”截断
G:\RayTracing\MAIN.cpp(373,105): warning C4305: “参数”: 从“double”到“_T”截断
G:\RayTracing\MAIN.cpp(374,81): warning C4305: “参数”: 从“double”到“float”截断
G:\RayTracing\MAIN.cpp(374,81): warning C4305: “参数”: 从“double”到“_T”截断
G:\RayTracing\MAIN.cpp(378,74): warning C4305: “参数”: 从“double”到“float”截断
