g:\raytracing\cuda_runtime\x64\debug\vc142.pdb
g:\raytracing\cuda_runtime\x64\debug\vc142.idb
g:\raytracing\cuda_runtime\x64\debug\quaternion.obj
g:\raytracing\cuda_runtime\x64\debug\polynomial3d.obj
g:\raytracing\cuda_runtime\x64\debug\polynomial.obj
g:\raytracing\cuda_runtime\x64\debug\pluecker.obj
g:\raytracing\cuda_runtime\x64\debug\plane.obj
g:\raytracing\cuda_runtime\x64\debug\matrixn.obj
g:\raytracing\cuda_runtime\x64\debug\matrix4x4.obj
g:\raytracing\cuda_runtime\x64\debug\matrix3x3.obj
g:\raytracing\cuda_runtime\x64\debug\line.obj
g:\raytracing\cuda_runtime\x64\debug\graph.obj
g:\raytracing\cuda_runtime\x64\debug\geometry.obj
g:\raytracing\cuda_runtime\x64\debug\fft.obj
g:\raytracing\cuda_runtime\x64\debug\expression.obj
g:\raytracing\cuda_runtime\x64\debug\equation.obj
g:\raytracing\cuda_runtime\x64\debug\cylinder.obj
g:\raytracing\cuda_runtime\x64\debug\capsule.obj
g:\raytracing\cuda_runtime\x64\debug\brush.obj
g:\raytracing\cuda_runtime\x64\debug\box.obj
g:\raytracing\cuda_runtime\x64\debug\bipartitegraph.obj
g:\raytracing\cuda_runtime\x64\debug\algorithm.obj
g:\raytracing\cuda_runtime\x64\debug\texture.obj
g:\raytracing\cuda_runtime\x64\debug\camera.obj
g:\raytracing\cuda_runtime\x64\debug\vector4d.obj
g:\raytracing\cuda_runtime\x64\debug\vector3d.obj
g:\raytracing\cuda_runtime\x64\debug\vector2d.obj
g:\raytracing\cuda_runtime\x64\debug\vector.obj
g:\raytracing\cuda_runtime\x64\debug\triangle.obj
g:\raytracing\cuda_runtime\x64\debug\transform3d.obj
g:\raytracing\cuda_runtime\x64\debug\sphere_ray.obj
g:\raytracing\cuda_runtime\x64\debug\sphere.obj
g:\raytracing\cuda_runtime\x64\debug\segment3d.obj
g:\raytracing\cuda_runtime\x64\debug\rotator.obj
g:\raytracing\cuda_runtime\x64\debug\ray.obj
g:\raytracing\cuda_runtime\x64\debug\random.obj
g:\raytracing\x64\debug\cuda_runtime.lib
g:\raytracing\x64\debug\cuda_runtime.exp
g:\raytracing\x64\debug\cuda_runtime.exe
g:\raytracing\cuda_runtime\x64\debug\cuda_runtime.ilk
g:\raytracing\x64\debug\cuda_runtime.pdb
g:\raytracing\cuda_runtime\x64\debug\camera.cu.cache
g:\raytracing\cuda_runtime\x64\debug\func.cu.cache
g:\raytracing\cuda_runtime\x64\debug\hitable.cu.cache
g:\raytracing\cuda_runtime\x64\debug\kernel.cu.cache
g:\raytracing\cuda_runtime\x64\debug\main.cu.cache
g:\raytracing\cuda_runtime\x64\debug\main_test.cu.cache
g:\raytracing\cuda_runtime\x64\debug\material.cu.cache
g:\raytracing\cuda_runtime\x64\debug\raytracing.cu.cache
g:\raytracing\cuda_runtime\x64\debug\texture.cu.cache
g:\raytracing\cuda_runtime\x64\debug\vector.cu.cache
g:\raytracing\cuda_runtime\x64\debug\camera.cu.obj
g:\raytracing\cuda_runtime\x64\debug\cuda_runtime.device-link.obj
g:\raytracing\cuda_runtime\x64\debug\func.cu.obj
g:\raytracing\cuda_runtime\x64\debug\hitable.cu.obj
g:\raytracing\cuda_runtime\x64\debug\kernel.cu.obj
g:\raytracing\cuda_runtime\x64\debug\main.cu.obj
g:\raytracing\cuda_runtime\x64\debug\main_test.cu.obj
g:\raytracing\cuda_runtime\x64\debug\material.cu.obj
g:\raytracing\cuda_runtime\x64\debug\raytracing.cu.obj
g:\raytracing\cuda_runtime\x64\debug\texture.cu.obj
g:\raytracing\cuda_runtime\x64\debug\vector.cu.obj
g:\raytracing\cuda_runtime\x64\debug\cuda_runtime.tlog\cl.command.1.tlog
g:\raytracing\cuda_runtime\x64\debug\cuda_runtime.tlog\cl.read.1.tlog
g:\raytracing\cuda_runtime\x64\debug\cuda_runtime.tlog\cl.write.1.tlog
g:\raytracing\cuda_runtime\x64\debug\cuda_runtime.tlog\cudacompile.read.1u.tlog
g:\raytracing\cuda_runtime\x64\debug\cuda_runtime.tlog\cudacompile.write.1u.tlog
g:\raytracing\cuda_runtime\x64\debug\cuda_runtime.tlog\cuda_runtime.write.1u.tlog
g:\raytracing\cuda_runtime\x64\debug\cuda_runtime.tlog\link.command.1.tlog
g:\raytracing\cuda_runtime\x64\debug\cuda_runtime.tlog\link.read.1.tlog
g:\raytracing\cuda_runtime\x64\debug\cuda_runtime.tlog\link.write.1.tlog
